2021-03-26 10:33:26.756  INFO 5336 --- [main] c.s.c.digibooky.DigibookyApplication     : Starting DigibookyApplication using Java 15.0.2 on Desktop with PID 5336 (C:\Users\Desktop-PC\Desktop\Cloud\IT\Work\Switchfully\digibooky-curiosity\war\target\classes started by Desktop-PC in C:\Users\Desktop-PC\Desktop\Cloud\IT\Work\Switchfully\digibooky-curiosity)
2021-03-26 10:33:26.766 DEBUG 5336 --- [main] c.s.c.digibooky.DigibookyApplication     : Running with Spring Boot v2.4.4, Spring v5.3.5
2021-03-26 10:33:26.770  INFO 5336 --- [main] c.s.c.digibooky.DigibookyApplication     : No active profile set, falling back to default profiles: default
2021-03-26 10:33:28.552  INFO 5336 --- [main] o.s.b.w.embedded.tomcat.TomcatWebServer  : Tomcat initialized with port(s): 8080 (http)
2021-03-26 10:33:28.571  INFO 5336 --- [main] o.apache.catalina.core.StandardService   : Starting service [Tomcat]
2021-03-26 10:33:28.572  INFO 5336 --- [main] org.apache.catalina.core.StandardEngine  : Starting Servlet engine: [Apache Tomcat/9.0.44]
2021-03-26 10:33:28.657  INFO 5336 --- [main] o.a.c.c.C.[Tomcat].[localhost].[/]       : Initializing Spring embedded WebApplicationContext
2021-03-26 10:33:28.658  INFO 5336 --- [main] w.s.c.ServletWebServerApplicationContext : Root WebApplicationContext: initialization completed in 1705 ms
2021-03-26 10:33:28.919  INFO 5336 --- [main] o.s.s.concurrent.ThreadPoolTaskExecutor  : Initializing ExecutorService 'applicationTaskExecutor'
2021-03-26 10:33:29.584  INFO 5336 --- [main] o.s.b.w.embedded.tomcat.TomcatWebServer  : Tomcat started on port(s): 8080 (http) with context path ''
2021-03-26 10:33:29.596  INFO 5336 --- [main] c.s.c.digibooky.DigibookyApplication     : Started DigibookyApplication in 4.293 seconds (JVM running for 5.751)
2021-03-26 10:33:41.511  INFO 5336 --- [http-nio-8080-exec-1] o.a.c.c.C.[Tomcat].[localhost].[/]       : Initializing Spring DispatcherServlet 'dispatcherServlet'
2021-03-26 10:33:41.512  INFO 5336 --- [http-nio-8080-exec-1] o.s.web.servlet.DispatcherServlet        : Initializing Servlet 'dispatcherServlet'
2021-03-26 10:33:41.513  INFO 5336 --- [http-nio-8080-exec-1] o.s.web.servlet.DispatcherServlet        : Completed initialization in 1 ms
2021-03-26 10:33:41.550  INFO 5336 --- [http-nio-8080-exec-1] c.s.c.d.api.controllers.BookController   : Getting all the books
2021-03-26 10:33:41.551  INFO 5336 --- [http-nio-8080-exec-1] c.s.c.d.api.dtomappers.BookMapper        : Returned list of DtoBooks based on all Books in database
2021-03-26 10:33:48.426  INFO 5336 --- [http-nio-8080-exec-6] o.springdoc.api.AbstractOpenApiResource  : Init duration for springdoc-openapi is: 359 ms
2021-03-26 10:34:15.041 ERROR 5336 --- [http-nio-8080-exec-7] o.a.c.c.C.[.[.[/].[dispatcherServlet]    : Servlet.service() for servlet [dispatcherServlet] in context with path [] threw exception [Request processing failed; nested exception is java.lang.IllegalArgumentException: Illegal Arguments] with root cause

java.lang.IllegalArgumentException: Illegal Arguments
	at com.switchfully.curiosity.digibooky.domain.entities.users.User.<init>(User.java:17) ~[classes/:na]
	at com.switchfully.curiosity.digibooky.api.dtomappers.UserMapper.changeRegisterDtoToUser(UserMapper.java:17) ~[classes/:na]
	at com.switchfully.curiosity.digibooky.api.controllers.UserController.createUser(UserController.java:30) ~[classes/:na]
	at java.base/jdk.internal.reflect.NativeMethodAccessorImpl.invoke0(Native Method) ~[na:na]
	at java.base/jdk.internal.reflect.NativeMethodAccessorImpl.invoke(NativeMethodAccessorImpl.java:64) ~[na:na]
	at java.base/jdk.internal.reflect.DelegatingMethodAccessorImpl.invoke(DelegatingMethodAccessorImpl.java:43) ~[na:na]
	at java.base/java.lang.reflect.Method.invoke(Method.java:564) ~[na:na]
	at org.springframework.web.method.support.InvocableHandlerMethod.doInvoke(InvocableHandlerMethod.java:197) ~[spring-web-5.3.5.jar:5.3.5]
	at org.springframework.web.method.support.InvocableHandlerMethod.invokeForRequest(InvocableHandlerMethod.java:141) ~[spring-web-5.3.5.jar:5.3.5]
	at org.springframework.web.servlet.mvc.method.annotation.ServletInvocableHandlerMethod.invokeAndHandle(ServletInvocableHandlerMethod.java:106) ~[spring-webmvc-5.3.5.jar:5.3.5]
	at org.springframework.web.servlet.mvc.method.annotation.RequestMappingHandlerAdapter.invokeHandlerMethod(RequestMappingHandlerAdapter.java:894) ~[spring-webmvc-5.3.5.jar:5.3.5]
	at org.springframework.web.servlet.mvc.method.annotation.RequestMappingHandlerAdapter.handleInternal(RequestMappingHandlerAdapter.java:808) ~[spring-webmvc-5.3.5.jar:5.3.5]
	at org.springframework.web.servlet.mvc.method.AbstractHandlerMethodAdapter.handle(AbstractHandlerMethodAdapter.java:87) ~[spring-webmvc-5.3.5.jar:5.3.5]
	at org.springframework.web.servlet.DispatcherServlet.doDispatch(DispatcherServlet.java:1060) ~[spring-webmvc-5.3.5.jar:5.3.5]
	at org.springframework.web.servlet.DispatcherServlet.doService(DispatcherServlet.java:962) ~[spring-webmvc-5.3.5.jar:5.3.5]
	at org.springframework.web.servlet.FrameworkServlet.processRequest(FrameworkServlet.java:1006) ~[spring-webmvc-5.3.5.jar:5.3.5]
	at org.springframework.web.servlet.FrameworkServlet.doPost(FrameworkServlet.java:909) ~[spring-webmvc-5.3.5.jar:5.3.5]
	at javax.servlet.http.HttpServlet.service(HttpServlet.java:652) ~[tomcat-embed-core-9.0.44.jar:4.0.FR]
	at org.springframework.web.servlet.FrameworkServlet.service(FrameworkServlet.java:883) ~[spring-webmvc-5.3.5.jar:5.3.5]
	at javax.servlet.http.HttpServlet.service(HttpServlet.java:733) ~[tomcat-embed-core-9.0.44.jar:4.0.FR]
	at org.apache.catalina.core.ApplicationFilterChain.internalDoFilter(ApplicationFilterChain.java:227) ~[tomcat-embed-core-9.0.44.jar:9.0.44]
	at org.apache.catalina.core.ApplicationFilterChain.doFilter(ApplicationFilterChain.java:162) ~[tomcat-embed-core-9.0.44.jar:9.0.44]
	at org.apache.tomcat.websocket.server.WsFilter.doFilter(WsFilter.java:53) ~[tomcat-embed-websocket-9.0.44.jar:9.0.44]
	at org.apache.catalina.core.ApplicationFilterChain.internalDoFilter(ApplicationFilterChain.java:189) ~[tomcat-embed-core-9.0.44.jar:9.0.44]
	at org.apache.catalina.core.ApplicationFilterChain.doFilter(ApplicationFilterChain.java:162) ~[tomcat-embed-core-9.0.44.jar:9.0.44]
	at org.springframework.web.filter.RequestContextFilter.doFilterInternal(RequestContextFilter.java:100) ~[spring-web-5.3.5.jar:5.3.5]
	at org.springframework.web.filter.OncePerRequestFilter.doFilter(OncePerRequestFilter.java:119) ~[spring-web-5.3.5.jar:5.3.5]
	at org.apache.catalina.core.ApplicationFilterChain.internalDoFilter(ApplicationFilterChain.java:189) ~[tomcat-embed-core-9.0.44.jar:9.0.44]
	at org.apache.catalina.core.ApplicationFilterChain.doFilter(ApplicationFilterChain.java:162) ~[tomcat-embed-core-9.0.44.jar:9.0.44]
	at org.springframework.web.filter.FormContentFilter.doFilterInternal(FormContentFilter.java:93) ~[spring-web-5.3.5.jar:5.3.5]
	at org.springframework.web.filter.OncePerRequestFilter.doFilter(OncePerRequestFilter.java:119) ~[spring-web-5.3.5.jar:5.3.5]
	at org.apache.catalina.core.ApplicationFilterChain.internalDoFilter(ApplicationFilterChain.java:189) ~[tomcat-embed-core-9.0.44.jar:9.0.44]
	at org.apache.catalina.core.ApplicationFilterChain.doFilter(ApplicationFilterChain.java:162) ~[tomcat-embed-core-9.0.44.jar:9.0.44]
	at org.springframework.web.filter.CharacterEncodingFilter.doFilterInternal(CharacterEncodingFilter.java:201) ~[spring-web-5.3.5.jar:5.3.5]
	at org.springframework.web.filter.OncePerRequestFilter.doFilter(OncePerRequestFilter.java:119) ~[spring-web-5.3.5.jar:5.3.5]
	at org.apache.catalina.core.ApplicationFilterChain.internalDoFilter(ApplicationFilterChain.java:189) ~[tomcat-embed-core-9.0.44.jar:9.0.44]
	at org.apache.catalina.core.ApplicationFilterChain.doFilter(ApplicationFilterChain.java:162) ~[tomcat-embed-core-9.0.44.jar:9.0.44]
	at org.apache.catalina.core.StandardWrapperValve.invoke(StandardWrapperValve.java:202) ~[tomcat-embed-core-9.0.44.jar:9.0.44]
	at org.apache.catalina.core.StandardContextValve.invoke(StandardContextValve.java:97) ~[tomcat-embed-core-9.0.44.jar:9.0.44]
	at org.apache.catalina.authenticator.AuthenticatorBase.invoke(AuthenticatorBase.java:542) ~[tomcat-embed-core-9.0.44.jar:9.0.44]
	at org.apache.catalina.core.StandardHostValve.invoke(StandardHostValve.java:143) ~[tomcat-embed-core-9.0.44.jar:9.0.44]
	at org.apache.catalina.valves.ErrorReportValve.invoke(ErrorReportValve.java:92) ~[tomcat-embed-core-9.0.44.jar:9.0.44]
	at org.apache.catalina.core.StandardEngineValve.invoke(StandardEngineValve.java:78) ~[tomcat-embed-core-9.0.44.jar:9.0.44]
	at org.apache.catalina.connector.CoyoteAdapter.service(CoyoteAdapter.java:357) ~[tomcat-embed-core-9.0.44.jar:9.0.44]
	at org.apache.coyote.http11.Http11Processor.service(Http11Processor.java:374) ~[tomcat-embed-core-9.0.44.jar:9.0.44]
	at org.apache.coyote.AbstractProcessorLight.process(AbstractProcessorLight.java:65) ~[tomcat-embed-core-9.0.44.jar:9.0.44]
	at org.apache.coyote.AbstractProtocol$ConnectionHandler.process(AbstractProtocol.java:893) ~[tomcat-embed-core-9.0.44.jar:9.0.44]
	at org.apache.tomcat.util.net.NioEndpoint$SocketProcessor.doRun(NioEndpoint.java:1707) ~[tomcat-embed-core-9.0.44.jar:9.0.44]
	at org.apache.tomcat.util.net.SocketProcessorBase.run(SocketProcessorBase.java:49) ~[tomcat-embed-core-9.0.44.jar:9.0.44]
	at java.base/java.util.concurrent.ThreadPoolExecutor.runWorker(ThreadPoolExecutor.java:1130) ~[na:na]
	at java.base/java.util.concurrent.ThreadPoolExecutor$Worker.run(ThreadPoolExecutor.java:630) ~[na:na]
	at org.apache.tomcat.util.threads.TaskThread$WrappingRunnable.run(TaskThread.java:61) ~[tomcat-embed-core-9.0.44.jar:9.0.44]
	at java.base/java.lang.Thread.run(Thread.java:832) ~[na:na]

2021-03-26 10:38:06.261  INFO 11828 --- [main] c.s.c.digibooky.DigibookyApplication     : Starting DigibookyApplication using Java 15.0.2 on Desktop with PID 11828 (C:\Users\Desktop-PC\Desktop\Cloud\IT\Work\Switchfully\digibooky-curiosity\war\target\classes started by Desktop-PC in C:\Users\Desktop-PC\Desktop\Cloud\IT\Work\Switchfully\digibooky-curiosity)
2021-03-26 10:38:06.266 DEBUG 11828 --- [main] c.s.c.digibooky.DigibookyApplication     : Running with Spring Boot v2.4.4, Spring v5.3.5
2021-03-26 10:38:06.267  INFO 11828 --- [main] c.s.c.digibooky.DigibookyApplication     : No active profile set, falling back to default profiles: default
2021-03-26 10:38:07.586  INFO 11828 --- [main] o.s.b.w.embedded.tomcat.TomcatWebServer  : Tomcat initialized with port(s): 8080 (http)
2021-03-26 10:38:07.598  INFO 11828 --- [main] o.apache.catalina.core.StandardService   : Starting service [Tomcat]
2021-03-26 10:38:07.598  INFO 11828 --- [main] org.apache.catalina.core.StandardEngine  : Starting Servlet engine: [Apache Tomcat/9.0.44]
2021-03-26 10:38:07.670  INFO 11828 --- [main] o.a.c.c.C.[Tomcat].[localhost].[/]       : Initializing Spring embedded WebApplicationContext
2021-03-26 10:38:07.670  INFO 11828 --- [main] w.s.c.ServletWebServerApplicationContext : Root WebApplicationContext: initialization completed in 1330 ms
2021-03-26 10:38:07.923  INFO 11828 --- [main] o.s.s.concurrent.ThreadPoolTaskExecutor  : Initializing ExecutorService 'applicationTaskExecutor'
2021-03-26 10:38:08.526  INFO 11828 --- [main] o.s.b.w.embedded.tomcat.TomcatWebServer  : Tomcat started on port(s): 8080 (http) with context path ''
2021-03-26 10:38:08.541  INFO 11828 --- [main] c.s.c.digibooky.DigibookyApplication     : Started DigibookyApplication in 3.129 seconds (JVM running for 4.082)
2021-03-26 10:40:10.107  INFO 7004 --- [main] c.s.c.digibooky.DigibookyApplication     : Starting DigibookyApplication using Java 15.0.2 on Desktop with PID 7004 (C:\Users\Desktop-PC\Desktop\Cloud\IT\Work\Switchfully\digibooky-curiosity\war\target\classes started by Desktop-PC in C:\Users\Desktop-PC\Desktop\Cloud\IT\Work\Switchfully\digibooky-curiosity)
2021-03-26 10:40:10.110 DEBUG 7004 --- [main] c.s.c.digibooky.DigibookyApplication     : Running with Spring Boot v2.4.4, Spring v5.3.5
2021-03-26 10:40:10.110  INFO 7004 --- [main] c.s.c.digibooky.DigibookyApplication     : No active profile set, falling back to default profiles: default
2021-03-26 10:40:11.490  INFO 7004 --- [main] o.s.b.w.embedded.tomcat.TomcatWebServer  : Tomcat initialized with port(s): 8080 (http)
2021-03-26 10:40:11.502  INFO 7004 --- [main] o.apache.catalina.core.StandardService   : Starting service [Tomcat]
2021-03-26 10:40:11.503  INFO 7004 --- [main] org.apache.catalina.core.StandardEngine  : Starting Servlet engine: [Apache Tomcat/9.0.44]
2021-03-26 10:40:11.580  INFO 7004 --- [main] o.a.c.c.C.[Tomcat].[localhost].[/]       : Initializing Spring embedded WebApplicationContext
2021-03-26 10:40:11.581  INFO 7004 --- [main] w.s.c.ServletWebServerApplicationContext : Root WebApplicationContext: initialization completed in 1413 ms
2021-03-26 10:40:11.835  INFO 7004 --- [main] o.s.s.concurrent.ThreadPoolTaskExecutor  : Initializing ExecutorService 'applicationTaskExecutor'
2021-03-26 10:40:12.435  INFO 7004 --- [main] o.s.b.w.embedded.tomcat.TomcatWebServer  : Tomcat started on port(s): 8080 (http) with context path ''
2021-03-26 10:40:12.451  INFO 7004 --- [main] c.s.c.digibooky.DigibookyApplication     : Started DigibookyApplication in 3.195 seconds (JVM running for 4.102)
2021-03-26 10:40:21.539  INFO 7004 --- [http-nio-8080-exec-2] o.a.c.c.C.[Tomcat].[localhost].[/]       : Initializing Spring DispatcherServlet 'dispatcherServlet'
2021-03-26 10:40:21.540  INFO 7004 --- [http-nio-8080-exec-2] o.s.web.servlet.DispatcherServlet        : Initializing Servlet 'dispatcherServlet'
2021-03-26 10:40:21.541  INFO 7004 --- [http-nio-8080-exec-2] o.s.web.servlet.DispatcherServlet        : Completed initialization in 1 ms
2021-03-26 10:40:22.383  INFO 7004 --- [http-nio-8080-exec-4] o.springdoc.api.AbstractOpenApiResource  : Init duration for springdoc-openapi is: 310 ms
2021-03-26 10:41:39.665  INFO 4364 --- [main] c.s.c.digibooky.DigibookyApplication     : Starting DigibookyApplication using Java 15.0.2 on Desktop with PID 4364 (C:\Users\Desktop-PC\Desktop\Cloud\IT\Work\Switchfully\digibooky-curiosity\war\target\classes started by Desktop-PC in C:\Users\Desktop-PC\Desktop\Cloud\IT\Work\Switchfully\digibooky-curiosity)
2021-03-26 10:41:39.668 DEBUG 4364 --- [main] c.s.c.digibooky.DigibookyApplication     : Running with Spring Boot v2.4.4, Spring v5.3.5
2021-03-26 10:41:39.669  INFO 4364 --- [main] c.s.c.digibooky.DigibookyApplication     : No active profile set, falling back to default profiles: default
2021-03-26 10:41:41.360  INFO 4364 --- [main] o.s.b.w.embedded.tomcat.TomcatWebServer  : Tomcat initialized with port(s): 8080 (http)
2021-03-26 10:41:41.375  INFO 4364 --- [main] o.apache.catalina.core.StandardService   : Starting service [Tomcat]
2021-03-26 10:41:41.376  INFO 4364 --- [main] org.apache.catalina.core.StandardEngine  : Starting Servlet engine: [Apache Tomcat/9.0.44]
2021-03-26 10:41:41.466  INFO 4364 --- [main] o.a.c.c.C.[Tomcat].[localhost].[/]       : Initializing Spring embedded WebApplicationContext
2021-03-26 10:41:41.467  INFO 4364 --- [main] w.s.c.ServletWebServerApplicationContext : Root WebApplicationContext: initialization completed in 1750 ms
2021-03-26 10:41:41.723  INFO 4364 --- [main] o.s.s.concurrent.ThreadPoolTaskExecutor  : Initializing ExecutorService 'applicationTaskExecutor'
2021-03-26 10:41:42.376  INFO 4364 --- [main] o.s.b.w.embedded.tomcat.TomcatWebServer  : Tomcat started on port(s): 8080 (http) with context path ''
2021-03-26 10:41:42.413  INFO 4364 --- [main] c.s.c.digibooky.DigibookyApplication     : Started DigibookyApplication in 3.461 seconds (JVM running for 4.355)
2021-03-26 10:42:19.590  INFO 4084 --- [main] c.s.c.digibooky.DigibookyApplication     : Starting DigibookyApplication using Java 15.0.2 on Desktop with PID 4084 (C:\Users\Desktop-PC\Desktop\Cloud\IT\Work\Switchfully\digibooky-curiosity\war\target\classes started by Desktop-PC in C:\Users\Desktop-PC\Desktop\Cloud\IT\Work\Switchfully\digibooky-curiosity)
2021-03-26 10:42:19.592 DEBUG 4084 --- [main] c.s.c.digibooky.DigibookyApplication     : Running with Spring Boot v2.4.4, Spring v5.3.5
2021-03-26 10:42:19.592  INFO 4084 --- [main] c.s.c.digibooky.DigibookyApplication     : No active profile set, falling back to default profiles: default
2021-03-26 10:42:20.997  INFO 4084 --- [main] o.s.b.w.embedded.tomcat.TomcatWebServer  : Tomcat initialized with port(s): 8080 (http)
2021-03-26 10:42:21.006  INFO 4084 --- [main] o.apache.catalina.core.StandardService   : Starting service [Tomcat]
2021-03-26 10:42:21.007  INFO 4084 --- [main] org.apache.catalina.core.StandardEngine  : Starting Servlet engine: [Apache Tomcat/9.0.44]
2021-03-26 10:42:21.059  INFO 4084 --- [main] o.a.c.c.C.[Tomcat].[localhost].[/]       : Initializing Spring embedded WebApplicationContext
2021-03-26 10:42:21.060  INFO 4084 --- [main] w.s.c.ServletWebServerApplicationContext : Root WebApplicationContext: initialization completed in 1418 ms
2021-03-26 10:42:21.228  INFO 4084 --- [main] o.s.s.concurrent.ThreadPoolTaskExecutor  : Initializing ExecutorService 'applicationTaskExecutor'
2021-03-26 10:42:21.652  INFO 4084 --- [main] o.s.b.w.embedded.tomcat.TomcatWebServer  : Tomcat started on port(s): 8080 (http) with context path ''
2021-03-26 10:42:21.662  INFO 4084 --- [main] c.s.c.digibooky.DigibookyApplication     : Started DigibookyApplication in 2.882 seconds (JVM running for 3.848)
2021-03-26 10:42:31.928  INFO 4084 --- [http-nio-8080-exec-1] o.a.c.c.C.[Tomcat].[localhost].[/]       : Initializing Spring DispatcherServlet 'dispatcherServlet'
2021-03-26 10:42:31.929  INFO 4084 --- [http-nio-8080-exec-1] o.s.web.servlet.DispatcherServlet        : Initializing Servlet 'dispatcherServlet'
2021-03-26 10:42:31.930  INFO 4084 --- [http-nio-8080-exec-1] o.s.web.servlet.DispatcherServlet        : Completed initialization in 1 ms
2021-03-26 10:42:32.330  INFO 4084 --- [http-nio-8080-exec-4] o.springdoc.api.AbstractOpenApiResource  : Init duration for springdoc-openapi is: 164 ms
2021-03-26 10:43:29.262  WARN 4084 --- [http-nio-8080-exec-9] .w.s.m.s.DefaultHandlerExceptionResolver : Resolved [org.springframework.http.converter.HttpMessageNotReadableException: JSON parse error: Unexpected character ('}' (code 125)): was expecting double-quote to start field name; nested exception is com.fasterxml.jackson.databind.JsonMappingException: Unexpected character ('}' (code 125)): was expecting double-quote to start field name
 at [Source: (PushbackInputStream); line: 8, column: 4] (through reference chain: com.switchfully.curiosity.digibooky.api.dtos.RegisterDtoUser["address"])]
2021-03-26 11:52:56.534  INFO 7400 --- [main] c.s.c.digibooky.DigibookyApplication     : Starting DigibookyApplication using Java 15.0.2 on FIN-32L9TT2 with PID 7400 (C:\_development\switchfullyPractice\digibooky-curiosity\war\target\classes started by lkrebs in C:\_development\switchfullyPractice\digibooky-curiosity)
2021-03-26 11:52:56.539 DEBUG 7400 --- [main] c.s.c.digibooky.DigibookyApplication     : Running with Spring Boot v2.4.4, Spring v5.3.5
2021-03-26 11:52:56.544  INFO 7400 --- [main] c.s.c.digibooky.DigibookyApplication     : No active profile set, falling back to default profiles: default
2021-03-26 11:52:58.715  INFO 7400 --- [main] o.s.b.w.embedded.tomcat.TomcatWebServer  : Tomcat initialized with port(s): 8080 (http)
2021-03-26 11:52:58.730  INFO 7400 --- [main] o.apache.catalina.core.StandardService   : Starting service [Tomcat]
2021-03-26 11:52:58.731  INFO 7400 --- [main] org.apache.catalina.core.StandardEngine  : Starting Servlet engine: [Apache Tomcat/9.0.44]
2021-03-26 11:52:58.840  INFO 7400 --- [main] o.a.c.c.C.[Tomcat].[localhost].[/]       : Initializing Spring embedded WebApplicationContext
2021-03-26 11:52:58.841  INFO 7400 --- [main] w.s.c.ServletWebServerApplicationContext : Root WebApplicationContext: initialization completed in 2195 ms
2021-03-26 11:52:59.330  INFO 7400 --- [main] o.s.s.concurrent.ThreadPoolTaskExecutor  : Initializing ExecutorService 'applicationTaskExecutor'
2021-03-26 11:53:00.574  INFO 7400 --- [main] o.s.b.w.embedded.tomcat.TomcatWebServer  : Tomcat started on port(s): 8080 (http) with context path ''
2021-03-26 11:53:00.595  INFO 7400 --- [main] c.s.c.digibooky.DigibookyApplication     : Started DigibookyApplication in 4.983 seconds (JVM running for 6.45)
2021-03-26 11:53:21.203  INFO 7400 --- [http-nio-8080-exec-1] o.a.c.c.C.[Tomcat].[localhost].[/]       : Initializing Spring DispatcherServlet 'dispatcherServlet'
2021-03-26 11:53:21.205  INFO 7400 --- [http-nio-8080-exec-1] o.s.web.servlet.DispatcherServlet        : Initializing Servlet 'dispatcherServlet'
2021-03-26 11:53:21.212  INFO 7400 --- [http-nio-8080-exec-1] o.s.web.servlet.DispatcherServlet        : Completed initialization in 7 ms
2021-03-26 11:53:25.008  INFO 7400 --- [http-nio-8080-exec-7] o.springdoc.api.AbstractOpenApiResource  : Init duration for springdoc-openapi is: 1650 ms
2021-03-26 11:53:39.086  INFO 7400 --- [http-nio-8080-exec-8] c.s.c.d.api.controllers.BookController   : Attempting to create book
2021-03-26 11:53:39.087  INFO 7400 --- [http-nio-8080-exec-8] c.s.c.d.api.dtomappers.BookMapper        : Returned Book entity based on RegisterDtoBook
2021-03-26 11:53:39.092  INFO 7400 --- [http-nio-8080-exec-8] c.s.c.d.api.controllers.BookController   : Registering a book with UUID 3b2cbb74-1aca-409b-a787-b582a29931ac
2021-03-26 11:53:39.093  INFO 7400 --- [http-nio-8080-exec-8] c.s.c.d.api.dtomappers.BookMapper        : Returned DtoBook based on Book entity
2021-03-26 11:53:55.779  INFO 7400 --- [http-nio-8080-exec-9] c.s.c.d.api.controllers.BookController   : Attempting to create book
2021-03-26 11:53:55.781  INFO 7400 --- [http-nio-8080-exec-9] c.s.c.d.api.dtomappers.BookMapper        : Returned Book entity based on RegisterDtoBook
2021-03-26 11:53:55.794  WARN 7400 --- [http-nio-8080-exec-9] c.s.c.d.a.c.ControllerExceptionHandler   : Cannot create book, invalid input

java.lang.IllegalArgumentException: Cannot create book, invalid input
	at com.switchfully.curiosity.digibooky.domain.entities.books.Book.validateInput(Book.java:37) ~[classes/:na]
	at com.switchfully.curiosity.digibooky.domain.entities.books.Book.<init>(Book.java:19) ~[classes/:na]
	at com.switchfully.curiosity.digibooky.domain.entities.books.Book.<init>(Book.java:14) ~[classes/:na]
	at com.switchfully.curiosity.digibooky.api.dtomappers.BookMapper.changeRegisterDtoToBook(BookMapper.java:50) ~[classes/:na]
	at com.switchfully.curiosity.digibooky.api.controllers.BookController.addOneBook(BookController.java:55) ~[classes/:na]
	at java.base/jdk.internal.reflect.NativeMethodAccessorImpl.invoke0(Native Method) ~[na:na]
	at java.base/jdk.internal.reflect.NativeMethodAccessorImpl.invoke(NativeMethodAccessorImpl.java:64) ~[na:na]
	at java.base/jdk.internal.reflect.DelegatingMethodAccessorImpl.invoke(DelegatingMethodAccessorImpl.java:43) ~[na:na]
	at java.base/java.lang.reflect.Method.invoke(Method.java:564) ~[na:na]
	at org.springframework.web.method.support.InvocableHandlerMethod.doInvoke(InvocableHandlerMethod.java:197) ~[spring-web-5.3.5.jar:5.3.5]
	at org.springframework.web.method.support.InvocableHandlerMethod.invokeForRequest(InvocableHandlerMethod.java:141) ~[spring-web-5.3.5.jar:5.3.5]
	at org.springframework.web.servlet.mvc.method.annotation.ServletInvocableHandlerMethod.invokeAndHandle(ServletInvocableHandlerMethod.java:106) ~[spring-webmvc-5.3.5.jar:5.3.5]
	at org.springframework.web.servlet.mvc.method.annotation.RequestMappingHandlerAdapter.invokeHandlerMethod(RequestMappingHandlerAdapter.java:894) ~[spring-webmvc-5.3.5.jar:5.3.5]
	at org.springframework.web.servlet.mvc.method.annotation.RequestMappingHandlerAdapter.handleInternal(RequestMappingHandlerAdapter.java:808) ~[spring-webmvc-5.3.5.jar:5.3.5]
	at org.springframework.web.servlet.mvc.method.AbstractHandlerMethodAdapter.handle(AbstractHandlerMethodAdapter.java:87) ~[spring-webmvc-5.3.5.jar:5.3.5]
	at org.springframework.web.servlet.DispatcherServlet.doDispatch(DispatcherServlet.java:1060) ~[spring-webmvc-5.3.5.jar:5.3.5]
	at org.springframework.web.servlet.DispatcherServlet.doService(DispatcherServlet.java:962) ~[spring-webmvc-5.3.5.jar:5.3.5]
	at org.springframework.web.servlet.FrameworkServlet.processRequest(FrameworkServlet.java:1006) ~[spring-webmvc-5.3.5.jar:5.3.5]
	at org.springframework.web.servlet.FrameworkServlet.doPost(FrameworkServlet.java:909) ~[spring-webmvc-5.3.5.jar:5.3.5]
	at javax.servlet.http.HttpServlet.service(HttpServlet.java:652) ~[tomcat-embed-core-9.0.44.jar:4.0.FR]
	at org.springframework.web.servlet.FrameworkServlet.service(FrameworkServlet.java:883) ~[spring-webmvc-5.3.5.jar:5.3.5]
	at javax.servlet.http.HttpServlet.service(HttpServlet.java:733) ~[tomcat-embed-core-9.0.44.jar:4.0.FR]
	at org.apache.catalina.core.ApplicationFilterChain.internalDoFilter(ApplicationFilterChain.java:227) ~[tomcat-embed-core-9.0.44.jar:9.0.44]
	at org.apache.catalina.core.ApplicationFilterChain.doFilter(ApplicationFilterChain.java:162) ~[tomcat-embed-core-9.0.44.jar:9.0.44]
	at org.apache.tomcat.websocket.server.WsFilter.doFilter(WsFilter.java:53) ~[tomcat-embed-websocket-9.0.44.jar:9.0.44]
	at org.apache.catalina.core.ApplicationFilterChain.internalDoFilter(ApplicationFilterChain.java:189) ~[tomcat-embed-core-9.0.44.jar:9.0.44]
	at org.apache.catalina.core.ApplicationFilterChain.doFilter(ApplicationFilterChain.java:162) ~[tomcat-embed-core-9.0.44.jar:9.0.44]
	at org.springframework.web.filter.RequestContextFilter.doFilterInternal(RequestContextFilter.java:100) ~[spring-web-5.3.5.jar:5.3.5]
	at org.springframework.web.filter.OncePerRequestFilter.doFilter(OncePerRequestFilter.java:119) ~[spring-web-5.3.5.jar:5.3.5]
	at org.apache.catalina.core.ApplicationFilterChain.internalDoFilter(ApplicationFilterChain.java:189) ~[tomcat-embed-core-9.0.44.jar:9.0.44]
	at org.apache.catalina.core.ApplicationFilterChain.doFilter(ApplicationFilterChain.java:162) ~[tomcat-embed-core-9.0.44.jar:9.0.44]
	at org.springframework.web.filter.FormContentFilter.doFilterInternal(FormContentFilter.java:93) ~[spring-web-5.3.5.jar:5.3.5]
	at org.springframework.web.filter.OncePerRequestFilter.doFilter(OncePerRequestFilter.java:119) ~[spring-web-5.3.5.jar:5.3.5]
	at org.apache.catalina.core.ApplicationFilterChain.internalDoFilter(ApplicationFilterChain.java:189) ~[tomcat-embed-core-9.0.44.jar:9.0.44]
	at org.apache.catalina.core.ApplicationFilterChain.doFilter(ApplicationFilterChain.java:162) ~[tomcat-embed-core-9.0.44.jar:9.0.44]
	at org.springframework.web.filter.CharacterEncodingFilter.doFilterInternal(CharacterEncodingFilter.java:201) ~[spring-web-5.3.5.jar:5.3.5]
	at org.springframework.web.filter.OncePerRequestFilter.doFilter(OncePerRequestFilter.java:119) ~[spring-web-5.3.5.jar:5.3.5]
	at org.apache.catalina.core.ApplicationFilterChain.internalDoFilter(ApplicationFilterChain.java:189) ~[tomcat-embed-core-9.0.44.jar:9.0.44]
	at org.apache.catalina.core.ApplicationFilterChain.doFilter(ApplicationFilterChain.java:162) ~[tomcat-embed-core-9.0.44.jar:9.0.44]
	at org.apache.catalina.core.StandardWrapperValve.invoke(StandardWrapperValve.java:202) ~[tomcat-embed-core-9.0.44.jar:9.0.44]
	at org.apache.catalina.core.StandardContextValve.invoke(StandardContextValve.java:97) ~[tomcat-embed-core-9.0.44.jar:9.0.44]
	at org.apache.catalina.authenticator.AuthenticatorBase.invoke(AuthenticatorBase.java:542) ~[tomcat-embed-core-9.0.44.jar:9.0.44]
	at org.apache.catalina.core.StandardHostValve.invoke(StandardHostValve.java:143) ~[tomcat-embed-core-9.0.44.jar:9.0.44]
	at org.apache.catalina.valves.ErrorReportValve.invoke(ErrorReportValve.java:92) ~[tomcat-embed-core-9.0.44.jar:9.0.44]
	at org.apache.catalina.core.StandardEngineValve.invoke(StandardEngineValve.java:78) ~[tomcat-embed-core-9.0.44.jar:9.0.44]
	at org.apache.catalina.connector.CoyoteAdapter.service(CoyoteAdapter.java:357) ~[tomcat-embed-core-9.0.44.jar:9.0.44]
	at org.apache.coyote.http11.Http11Processor.service(Http11Processor.java:374) ~[tomcat-embed-core-9.0.44.jar:9.0.44]
	at org.apache.coyote.AbstractProcessorLight.process(AbstractProcessorLight.java:65) ~[tomcat-embed-core-9.0.44.jar:9.0.44]
	at org.apache.coyote.AbstractProtocol$ConnectionHandler.process(AbstractProtocol.java:893) ~[tomcat-embed-core-9.0.44.jar:9.0.44]
	at org.apache.tomcat.util.net.NioEndpoint$SocketProcessor.doRun(NioEndpoint.java:1707) ~[tomcat-embed-core-9.0.44.jar:9.0.44]
	at org.apache.tomcat.util.net.SocketProcessorBase.run(SocketProcessorBase.java:49) ~[tomcat-embed-core-9.0.44.jar:9.0.44]
	at java.base/java.util.concurrent.ThreadPoolExecutor.runWorker(ThreadPoolExecutor.java:1130) ~[na:na]
	at java.base/java.util.concurrent.ThreadPoolExecutor$Worker.run(ThreadPoolExecutor.java:630) ~[na:na]
	at org.apache.tomcat.util.threads.TaskThread$WrappingRunnable.run(TaskThread.java:61) ~[tomcat-embed-core-9.0.44.jar:9.0.44]
	at java.base/java.lang.Thread.run(Thread.java:832) ~[na:na]

2021-03-26 12:53:29.087  INFO 4276 --- [main] c.s.c.digibooky.DigibookyApplication     : Starting DigibookyApplication using Java 15.0.2 on FIN-50SMTT2 with PID 4276 (C:\_development\digibooky-curiosity\war\target\classes started by echitul in C:\_development\digibooky-curiosity)
2021-03-26 12:53:29.091 DEBUG 4276 --- [main] c.s.c.digibooky.DigibookyApplication     : Running with Spring Boot v2.4.4, Spring v5.3.5
2021-03-26 12:53:29.093  INFO 4276 --- [main] c.s.c.digibooky.DigibookyApplication     : No active profile set, falling back to default profiles: default
2021-03-26 12:53:30.720  INFO 4276 --- [main] o.s.b.w.embedded.tomcat.TomcatWebServer  : Tomcat initialized with port(s): 8080 (http)
2021-03-26 12:53:30.733  INFO 4276 --- [main] o.apache.catalina.core.StandardService   : Starting service [Tomcat]
2021-03-26 12:53:30.733  INFO 4276 --- [main] org.apache.catalina.core.StandardEngine  : Starting Servlet engine: [Apache Tomcat/9.0.44]
2021-03-26 12:53:30.831  INFO 4276 --- [main] o.a.c.c.C.[Tomcat].[localhost].[/]       : Initializing Spring embedded WebApplicationContext
2021-03-26 12:53:30.831  INFO 4276 --- [main] w.s.c.ServletWebServerApplicationContext : Root WebApplicationContext: initialization completed in 1571 ms
2021-03-26 12:53:31.189  INFO 4276 --- [main] o.s.s.concurrent.ThreadPoolTaskExecutor  : Initializing ExecutorService 'applicationTaskExecutor'
2021-03-26 12:53:32.095  INFO 4276 --- [main] o.s.b.w.embedded.tomcat.TomcatWebServer  : Tomcat started on port(s): 8080 (http) with context path ''
2021-03-26 12:53:32.108  INFO 4276 --- [main] c.s.c.digibooky.DigibookyApplication     : Started DigibookyApplication in 4.061 seconds (JVM running for 6.451)
2021-03-26 12:53:41.639  INFO 4276 --- [http-nio-8080-exec-1] o.a.c.c.C.[Tomcat].[localhost].[/]       : Initializing Spring DispatcherServlet 'dispatcherServlet'
2021-03-26 12:53:41.639  INFO 4276 --- [http-nio-8080-exec-1] o.s.web.servlet.DispatcherServlet        : Initializing Servlet 'dispatcherServlet'
2021-03-26 12:53:41.640  INFO 4276 --- [http-nio-8080-exec-1] o.s.web.servlet.DispatcherServlet        : Completed initialization in 1 ms
2021-03-26 12:53:43.609  INFO 4276 --- [http-nio-8080-exec-7] o.springdoc.api.AbstractOpenApiResource  : Init duration for springdoc-openapi is: 546 ms
2021-03-26 12:54:31.029  INFO 4276 --- [http-nio-8080-exec-1] c.s.c.d.api.controllers.BookController   : Attempting to create book
2021-03-26 12:54:31.030  INFO 4276 --- [http-nio-8080-exec-1] c.s.c.d.api.dtomappers.BookMapper        : Returned Book entity based on RegisterDtoBook
2021-03-26 12:54:31.032  INFO 4276 --- [http-nio-8080-exec-1] c.s.c.d.api.controllers.BookController   : Registering a book with UUID ce0079d8-aac6-4176-b198-347529a0a196
2021-03-26 12:54:31.042  INFO 4276 --- [http-nio-8080-exec-1] c.s.c.d.api.dtomappers.BookMapper        : Returned DtoBook based on Book entity
2021-03-26 12:55:03.920  INFO 4276 --- [http-nio-8080-exec-4] c.s.c.d.api.controllers.BookController   : Attempting to create book
2021-03-26 12:55:03.921  INFO 4276 --- [http-nio-8080-exec-4] c.s.c.d.api.dtomappers.BookMapper        : Returned Book entity based on RegisterDtoBook
2021-03-26 12:55:03.921  INFO 4276 --- [http-nio-8080-exec-4] c.s.c.d.api.controllers.BookController   : Registering a book with UUID ad364e82-41fa-4970-b35e-94c57002e221
2021-03-26 12:55:03.921  INFO 4276 --- [http-nio-8080-exec-4] c.s.c.d.api.dtomappers.BookMapper        : Returned DtoBook based on Book entity
2021-03-26 12:55:11.749  INFO 4276 --- [http-nio-8080-exec-6] c.s.c.d.api.controllers.BookController   : Getting all the books
2021-03-26 12:55:11.753  INFO 4276 --- [http-nio-8080-exec-6] c.s.c.d.api.dtomappers.BookMapper        : Returned list of DtoBooks based on all Books in database
2021-03-26 12:55:11.754  INFO 4276 --- [http-nio-8080-exec-6] c.s.c.d.api.dtomappers.BookMapper        : Returned DtoBook based on Book entity
2021-03-26 12:55:11.754  INFO 4276 --- [http-nio-8080-exec-6] c.s.c.d.api.dtomappers.BookMapper        : Returned DtoBook based on Book entity
2021-03-26 12:55:23.773  INFO 4276 --- [http-nio-8080-exec-7] c.s.c.d.api.controllers.BookController   : Getting all the books
2021-03-26 12:55:23.774  INFO 4276 --- [http-nio-8080-exec-7] c.s.c.d.api.dtomappers.BookMapper        : Returned list of DtoBooks based on all Books in database
2021-03-26 12:55:40.454  INFO 4276 --- [http-nio-8080-exec-10] c.s.c.d.api.controllers.BookController   : Getting all the books
2021-03-26 12:55:40.454  INFO 4276 --- [http-nio-8080-exec-10] c.s.c.d.api.dtomappers.BookMapper        : Returned list of DtoBooks based on all Books in database
2021-03-26 12:55:40.455  INFO 4276 --- [http-nio-8080-exec-10] c.s.c.d.api.dtomappers.BookMapper        : Returned DtoBook based on Book entity
2021-03-26 12:55:52.672  INFO 4276 --- [http-nio-8080-exec-1] c.s.c.d.api.controllers.BookController   : Getting all the books
2021-03-26 12:55:52.673  INFO 4276 --- [http-nio-8080-exec-1] c.s.c.d.api.dtomappers.BookMapper        : Returned list of DtoBooks based on all Books in database
2021-03-26 12:55:52.673  INFO 4276 --- [http-nio-8080-exec-1] c.s.c.d.api.dtomappers.BookMapper        : Returned DtoBook based on Book entity
2021-03-26 12:56:07.570  INFO 4276 --- [http-nio-8080-exec-4] c.s.c.d.api.controllers.BookController   : Getting all the books
2021-03-26 12:56:07.571  INFO 4276 --- [http-nio-8080-exec-4] c.s.c.d.api.dtomappers.BookMapper        : Returned list of DtoBooks based on all Books in database
2021-03-26 12:56:07.572  INFO 4276 --- [http-nio-8080-exec-4] c.s.c.d.api.dtomappers.BookMapper        : Returned DtoBook based on Book entity
2021-03-26 12:56:11.359  INFO 4276 --- [http-nio-8080-exec-6] c.s.c.d.api.controllers.BookController   : Getting all the books
2021-03-26 12:56:11.360  INFO 4276 --- [http-nio-8080-exec-6] c.s.c.d.api.dtomappers.BookMapper        : Returned list of DtoBooks based on all Books in database
2021-03-26 12:56:11.360  INFO 4276 --- [http-nio-8080-exec-6] c.s.c.d.api.dtomappers.BookMapper        : Returned DtoBook based on Book entity
2021-03-26 14:16:31.527  INFO 11872 --- [main] c.s.c.digibooky.DigibookyApplication     : Starting DigibookyApplication using Java 15.0.2 on FIN-50SMTT2 with PID 11872 (C:\_development\digibooky-curiosity\war\target\classes started by echitul in C:\_development\digibooky-curiosity)
2021-03-26 14:16:31.536 DEBUG 11872 --- [main] c.s.c.digibooky.DigibookyApplication     : Running with Spring Boot v2.4.4, Spring v5.3.5
2021-03-26 14:16:31.538  INFO 11872 --- [main] c.s.c.digibooky.DigibookyApplication     : No active profile set, falling back to default profiles: default
2021-03-26 14:16:35.704  INFO 11872 --- [main] o.s.b.w.embedded.tomcat.TomcatWebServer  : Tomcat initialized with port(s): 8080 (http)
2021-03-26 14:16:35.724  INFO 11872 --- [main] o.apache.catalina.core.StandardService   : Starting service [Tomcat]
2021-03-26 14:16:35.725  INFO 11872 --- [main] org.apache.catalina.core.StandardEngine  : Starting Servlet engine: [Apache Tomcat/9.0.44]
2021-03-26 14:16:35.958  INFO 11872 --- [main] o.a.c.c.C.[Tomcat].[localhost].[/]       : Initializing Spring embedded WebApplicationContext
2021-03-26 14:16:35.958  INFO 11872 --- [main] w.s.c.ServletWebServerApplicationContext : Root WebApplicationContext: initialization completed in 4230 ms
2021-03-26 14:16:36.787  INFO 11872 --- [main] o.s.s.concurrent.ThreadPoolTaskExecutor  : Initializing ExecutorService 'applicationTaskExecutor'
2021-03-26 14:16:38.625  INFO 11872 --- [main] o.s.b.w.embedded.tomcat.TomcatWebServer  : Tomcat started on port(s): 8080 (http) with context path ''
2021-03-26 14:16:38.661  INFO 11872 --- [main] c.s.c.digibooky.DigibookyApplication     : Started DigibookyApplication in 8.836 seconds (JVM running for 10.886)
2021-03-26 14:16:38.811  INFO 11872 --- [http-nio-8080-exec-1] o.a.c.c.C.[Tomcat].[localhost].[/]       : Initializing Spring DispatcherServlet 'dispatcherServlet'
2021-03-26 14:16:38.813  INFO 11872 --- [http-nio-8080-exec-1] o.s.web.servlet.DispatcherServlet        : Initializing Servlet 'dispatcherServlet'
2021-03-26 14:16:38.816  INFO 11872 --- [http-nio-8080-exec-1] o.s.web.servlet.DispatcherServlet        : Completed initialization in 2 ms
2021-03-26 14:16:40.364  INFO 11872 --- [http-nio-8080-exec-4] o.springdoc.api.AbstractOpenApiResource  : Init duration for springdoc-openapi is: 673 ms
2021-03-26 14:17:09.960  INFO 11872 --- [http-nio-8080-exec-5] c.s.c.d.api.controllers.BookController   : Creating a book
2021-03-26 14:17:09.964  INFO 11872 --- [http-nio-8080-exec-5] c.s.c.d.api.dtomappers.BookMapper        : Returned Book entity based on RegisterDtoBook
2021-03-26 14:17:09.968  INFO 11872 --- [http-nio-8080-exec-5] c.s.c.d.api.controllers.BookController   : Registering a new book with UUID 924eb04b-6fb3-40ca-9a9a-18fcad8c8df3
2021-03-26 14:17:09.971  INFO 11872 --- [http-nio-8080-exec-5] c.s.c.d.s.BookServiceImplementation      : Adding one book
2021-03-26 14:17:09.974  INFO 11872 --- [http-nio-8080-exec-5] c.s.c.d.api.dtomappers.BookMapper        : Returned DtoBook based on book
2021-03-26 14:17:37.648  INFO 11872 --- [http-nio-8080-exec-6] c.s.c.d.domain.entities.books.Author     : Author's first name was null, so an empty string was provided to register the book
2021-03-26 14:17:37.677  INFO 11872 --- [http-nio-8080-exec-6] c.s.c.d.api.controllers.BookController   : Creating a book
2021-03-26 14:17:37.694  INFO 11872 --- [http-nio-8080-exec-6] c.s.c.d.api.dtomappers.BookMapper        : Returned Book entity based on RegisterDtoBook
2021-03-26 14:17:37.700  INFO 11872 --- [http-nio-8080-exec-6] c.s.c.d.api.controllers.BookController   : Registering a new book with UUID 772de8b0-a6d7-435e-828f-9c15e30735ac
2021-03-26 14:17:37.745  INFO 11872 --- [http-nio-8080-exec-6] c.s.c.d.s.BookServiceImplementation      : Adding one book
2021-03-26 14:17:37.745  INFO 11872 --- [http-nio-8080-exec-6] c.s.c.d.api.dtomappers.BookMapper        : Returned DtoBook based on book
2021-03-26 14:17:50.629  INFO 11872 --- [http-nio-8080-exec-9] c.s.c.d.api.controllers.BookController   : Getting all the books
2021-03-26 14:17:50.629  INFO 11872 --- [http-nio-8080-exec-9] c.s.c.d.s.BookServiceImplementation      : Getting all books by provided keywords
2021-03-26 14:17:50.631  INFO 11872 --- [http-nio-8080-exec-9] c.s.c.d.api.dtomappers.BookMapper        : Returned list of DtoBooks based on all Books in database
2021-03-26 14:17:50.639  INFO 11872 --- [http-nio-8080-exec-9] c.s.c.d.api.dtomappers.BookMapper        : Returned DtoBook based on book
2021-03-26 14:17:50.639  INFO 11872 --- [http-nio-8080-exec-9] c.s.c.d.api.dtomappers.BookMapper        : Returned DtoBook based on book
2021-03-26 14:18:24.744  INFO 11872 --- [http-nio-8080-exec-10] c.s.c.d.api.controllers.BookController   : Getting all the books
2021-03-26 14:18:24.745  INFO 11872 --- [http-nio-8080-exec-10] c.s.c.d.s.BookServiceImplementation      : Getting all books by provided keywords
2021-03-26 14:18:24.745  INFO 11872 --- [http-nio-8080-exec-10] c.s.c.d.api.dtomappers.BookMapper        : Returned list of DtoBooks based on all Books in database
2021-03-26 14:18:24.745  INFO 11872 --- [http-nio-8080-exec-10] c.s.c.d.api.dtomappers.BookMapper        : Returned DtoBook based on book
2021-03-26 14:18:39.428  INFO 11872 --- [http-nio-8080-exec-1] c.s.c.d.api.controllers.BookController   : Getting all the books
2021-03-26 14:18:39.429  INFO 11872 --- [http-nio-8080-exec-1] c.s.c.d.s.BookServiceImplementation      : Getting all books by provided keywords
2021-03-26 14:18:39.429  INFO 11872 --- [http-nio-8080-exec-1] c.s.c.d.api.dtomappers.BookMapper        : Returned list of DtoBooks based on all Books in database
2021-03-26 14:18:39.430  INFO 11872 --- [http-nio-8080-exec-1] c.s.c.d.api.dtomappers.BookMapper        : Returned DtoBook based on book
2021-03-26 14:18:39.453  INFO 11872 --- [http-nio-8080-exec-1] c.s.c.d.api.dtomappers.BookMapper        : Returned DtoBook based on book
2021-03-26 14:20:31.707  INFO 11872 --- [http-nio-8080-exec-2] c.s.c.d.api.controllers.BookController   : Getting all the books
2021-03-26 14:20:31.708  INFO 11872 --- [http-nio-8080-exec-2] c.s.c.d.s.BookServiceImplementation      : Getting all books by provided keywords
2021-03-26 14:20:31.714  INFO 11872 --- [http-nio-8080-exec-2] c.s.c.d.api.dtomappers.BookMapper        : Returned list of DtoBooks based on all Books in database
2021-03-26 14:20:31.715  INFO 11872 --- [http-nio-8080-exec-2] c.s.c.d.api.dtomappers.BookMapper        : Returned DtoBook based on book
